mode: atomic
bitbucket.org/anatoly_a_shipov/calc-go-gin/swagger/docs.go:81.13,83.2 1 0
bitbucket.org/anatoly_a_shipov/calc-go-gin/exprtk.go:22.51,23.22 1 6
bitbucket.org/anatoly_a_shipov/calc-go-gin/exprtk.go:23.22,25.3 1 0
bitbucket.org/anatoly_a_shipov/calc-go-gin/exprtk.go:26.2,32.49 6 6
bitbucket.org/anatoly_a_shipov/calc-go-gin/handler.go:21.32,23.2 1 1
bitbucket.org/anatoly_a_shipov/calc-go-gin/handler.go:33.33,35.16 2 3
bitbucket.org/anatoly_a_shipov/calc-go-gin/handler.go:35.16,38.3 2 0
bitbucket.org/anatoly_a_shipov/calc-go-gin/handler.go:39.2,41.41 3 3
bitbucket.org/anatoly_a_shipov/calc-go-gin/handler.go:44.38,45.2 1 1
bitbucket.org/anatoly_a_shipov/calc-go-gin/handler.go:45.2,51.3 5 1
bitbucket.org/anatoly_a_shipov/calc-go-gin/main.go:14.13,21.12 6 0
bitbucket.org/anatoly_a_shipov/calc-go-gin/main.go:21.12,22.77 1 0
bitbucket.org/anatoly_a_shipov/calc-go-gin/main.go:22.77,24.4 1 0
bitbucket.org/anatoly_a_shipov/calc-go-gin/main.go:27.2,31.50 5 0
bitbucket.org/anatoly_a_shipov/calc-go-gin/main.go:31.50,33.3 1 0
bitbucket.org/anatoly_a_shipov/calc-go-gin/main.go:34.2,34.30 1 0
